<?xml version="1.0" encoding="UTF-8"?>
<!-- Generated by org.testng.reporters.JUnitXMLReporter -->
<testsuite ignored="2" hostname="Mayuri-Dasri14" failures="0" tests="1" name="Default test" time="4.348" errors="0" timestamp="2024-06-08T23:58:56 IST">
  <testcase classname="Test_Cases.Search" name="searchWithoutProduct" time="0.473"/>
  <testcase classname="Test_Cases.Search" name="serachForValidProduct" time="0.0">
    <ignored/>
  </testcase> <!-- serachForValidProduct -->
  <testcase classname="Test_Cases.Search" name="serchForInvalidProduct" time="0.0">
    <ignored/>
  </testcase> <!-- serchForInvalidProduct -->
</testsuite> <!-- Default test -->
