<?xml version="1.0" encoding="UTF-8"?>
<!-- Generated by org.testng.reporters.JUnitXMLReporter -->
<testsuite ignored="0" hostname="Mayuri-Dasri14" failures="0" tests="11" name="Test" time="90.876" errors="0" timestamp="2024-06-13T20:29:24 IST">
  <testcase classname="Test_Cases.Login" name="login" time="0.957"/>
  <testcase classname="Test_Cases.Login" name="loginWithInvalidCredentials" time="0.772"/>
  <testcase classname="Test_Cases.Login" name="loginWithValidEmailAndInvalidPasswordCredentials" time="0.74"/>
  <testcase classname="Test_Cases.Login" name="loginWithInvalidEmailAndValidPasswordCredentials" time="0.673"/>
  <testcase classname="Test_Cases.Login" name="loginWithoutAnyCredentials" time="0.756"/>
  <testcase classname="Test_Cases.Register" name="registerWithAllCredentials" time="1.473"/>
  <testcase classname="Test_Cases.Register" name="registerWithMandatoryCredentials" time="1.474"/>
  <testcase classname="Test_Cases.Register" name="registerWithoutCredentials" time="0.636"/>
  <testcase classname="Test_Cases.Search" name="serachForValidProduct" time="0.655"/>
  <testcase classname="Test_Cases.Search" name="serchForInvalidProduct" time="0.544"/>
  <testcase classname="Test_Cases.Search" name="searchWithoutProduct" time="0.56"/>
</testsuite> <!-- Test -->
